20230727	22:39:38	cd5f9f48-3ae5-497c-b6c6-c65005e751fc	OPTIONS	/auth	http://localhost:3000
20230727	22:39:38	ce30bdef-b819-4269-afe2-52fe43eaedf6	POST	/auth	http://localhost:3000
20230727	22:43:37	f26c9cdb-1a33-43b0-b082-a1193bf9ba1d	GET	/auth/refresh	http://localhost:3000
20230727	22:55:57	58d05b93-7a85-4521-a55b-b0b83f93e75b	OPTIONS	/auth	http://localhost:3000
20230727	22:55:57	db2bd242-f392-4bbc-8047-5548f82e3a33	POST	/auth	http://localhost:3000
20230728	19:54:07	ddb8eb89-ed5f-4da2-99f4-3087b8061c31	OPTIONS	/auth	http://localhost:3000
20230728	19:54:07	d7b2a0e4-949e-46e2-a1fb-9466c351a55c	POST	/auth	http://localhost:3000
20230728	19:59:16	30a2c843-61b0-4a3b-8697-194ce45ec233	OPTIONS	/auth	http://localhost:3000
20230728	19:59:16	b2636491-719c-4bb0-b498-4750a5ddac83	POST	/auth	http://localhost:3000
20230728	20:28:54	dcbd1bee-e5d1-4c8f-b4f6-62b2b1bd4c09	POST	/auth	undefined
20230728	20:29:17	e9f674b7-151d-419b-b1fb-6fe7e380d68b	POST	/auth/users	undefined
20230728	20:29:21	1b470849-3aff-46e6-a2b5-1436911b0715	POST	/auth/users	undefined
20230728	20:29:27	9228be5d-6867-4cd8-a894-9ef56ba7b48d	GET	/auth/css/styles.css	undefined
20230728	20:32:56	00373651-dacd-4c66-8f9d-d002b71acb39	POST	/users	undefined
20230728	20:33:09	907143b6-a89d-4723-9b8f-1d80e795ab1a	POST	/users	undefined
20230728	20:33:54	5483cf95-46e3-4039-8fb8-9e18e1fbae75	POST	/auth/users	undefined
20230728	20:34:01	2ab14fcf-768e-470c-957b-a2589b721bf0	POST	/auth/users	undefined
20230728	20:34:07	15d1f367-3dca-4517-a0a8-5c6229cb17f0	POST	/auth/users/new	undefined
20230728	20:34:11	2549354e-75f1-4482-b533-ae47842434a3	GET	/auth/users/css/styles.css	undefined
20230728	20:34:13	05c8bb6f-d9d9-4b41-ac1e-b3e765073b49	POST	/users/new	undefined
20230728	20:34:18	9041690c-d5af-46d2-88a5-db9af2f6a392	POST	/users	undefined
20230728	20:35:28	66c1bec0-21e8-484d-a30b-77af41e1473e	POST	/users	undefined
20230728	20:36:20	e1528444-6848-44c7-9cb2-3a7890e72be5	POST	/users	undefined
20230728	20:38:58	11d1e827-be44-4785-a0c0-9e62cb665b97	POST	/users	undefined
20230728	20:39:02	18b5d7e1-bc33-44b3-9779-44e43820faee	POST	/users	undefined
20230728	20:39:10	ecd5f19a-3a3a-44a4-b63d-3dc878d1a40f	POST	/users	undefined
20230728	20:39:13	107b07b8-3fa1-4ea7-8a36-01f4a8e62562	POST	/users	undefined
20230728	20:39:44	6c8a83ee-3eea-4745-a503-9e4b0de77b13	POST	/users	undefined
20230728	20:39:46	4a74ac12-d3e5-48fc-b884-f0cf5b4c85f9	POST	/users	undefined
20230728	20:39:49	b48e11a4-c915-438e-aedf-eea68de17253	POST	/users	undefined
20230728	20:40:00	4e42fb89-d3d0-4b75-90f9-6c596e8326f9	POST	/users	undefined
20230728	20:40:03	dd11114c-624f-4f95-b8db-8157467c1782	POST	/users	undefined
20230728	20:40:11	542b76eb-07f5-49cb-870a-f10eee0437c4	POST	/users	undefined
20230728	20:40:56	e848a078-cfec-4bee-92db-46358686e14e	POST	/users	undefined
20230728	20:41:31	2b292b70-e67f-4473-9f95-dd1645ada605	POST	/users	undefined
20230728	20:42:50	a22508f9-8bd0-467e-b0aa-437e231e6f51	POST	/users	undefined
20230728	20:45:58	59c14062-4953-4754-b48b-36f37b1b174c	OPTIONS	/auth	http://localhost:3000
20230728	20:45:58	13a077f4-fd43-443d-a810-a30e432e9952	POST	/auth	http://localhost:3000
20230728	20:45:58	cb114796-179c-4365-80f8-07837fbdbf88	OPTIONS	/notes	http://localhost:3000
20230728	20:45:58	4e1bc03a-c906-4454-841d-6cbc6333c593	OPTIONS	/users	http://localhost:3000
20230728	20:45:58	91297ab1-7a6b-4936-bfe1-4edc0e11d994	GET	/notes	http://localhost:3000
20230728	20:45:58	8ed805f0-fdc1-40fc-9220-3df56cf8ec1e	GET	/users	http://localhost:3000
20230728	20:46:10	e69f9bb1-2ea8-4cc9-a498-5580d9e63d30	OPTIONS	/notes	http://localhost:3000
20230728	20:46:10	487687f0-6c62-4163-aa78-fdc850b3458c	GET	/notes	http://localhost:3000
20230728	20:46:50	b6465b50-3f40-4a23-921a-83f870ed02a6	OPTIONS	/notes	http://localhost:3000
20230728	20:46:50	3f068e16-8f5c-4a5c-9ac8-53bda7123da2	POST	/notes	http://localhost:3000
20230728	20:47:07	cf55dd60-13a0-4769-b422-4600f824ba81	OPTIONS	/auth/logout	http://localhost:3000
20230728	20:47:07	b4cb7759-9ff5-4bd7-8d36-dde1b96f1b70	POST	/auth/logout	http://localhost:3000
20230728	20:47:11	8e6b69b5-eb4c-4e1b-8ea2-136607efa521	OPTIONS	/auth	http://localhost:3000
20230728	20:47:11	34c90f1e-c5cd-43b4-8f1e-8bb42fab55c2	POST	/auth	http://localhost:3000
20230728	20:47:12	8d63861d-cee2-4210-9640-db1936d687af	OPTIONS	/notes	http://localhost:3000
20230728	20:47:12	da80445c-35dd-49c6-b8af-e3f3f5d69ac2	OPTIONS	/users	http://localhost:3000
20230728	20:47:12	6f13d2d3-7110-49be-904f-3871e77a0042	GET	/notes	http://localhost:3000
20230728	20:47:12	0fdbdb82-ae59-4e2b-9ed8-dff9a541f7e9	GET	/users	http://localhost:3000
20230728	20:48:12	76014f64-2f11-4e05-8711-915129c2e526	POST	/users	undefined
20230728	20:48:30	fcd72088-e3f7-49c3-89c1-ac42b8f782c1	OPTIONS	/auth/logout	http://localhost:3000
20230728	20:48:30	4a5ad868-0e41-4316-897d-4e9c613053f8	POST	/auth/logout	http://localhost:3000
20230728	20:48:37	198e2d9a-5902-4134-8f6d-5a427fb33569	OPTIONS	/auth	http://localhost:3000
20230728	20:48:37	4b94618b-84a5-4c8a-8a34-92dd957e7354	POST	/auth	http://localhost:3000
20230728	20:48:38	adfd6c31-ab8f-4706-9e44-74a2c51afd50	OPTIONS	/notes	http://localhost:3000
20230728	20:48:38	5999c722-e5fc-4159-ba7a-834cdfe704bf	OPTIONS	/users	http://localhost:3000
20230728	20:48:38	9d89167c-bea9-4694-a07d-d92d53c84117	GET	/notes	http://localhost:3000
20230728	20:48:38	20a4ab36-2736-47fa-a441-baeb00b297b2	GET	/users	http://localhost:3000
20230728	20:48:44	59ec12b3-270c-4ad9-a1ba-889c08fa5f43	OPTIONS	/notes	http://localhost:3000
20230728	20:48:50	95a508f8-1a24-4d72-a26c-43ec480d13d4	GET	/notes	http://localhost:3000
20230728	20:49:05	b9811b44-5451-476c-87cf-8d0c3c0d9dc4	OPTIONS	/notes	http://localhost:3000
20230728	20:49:05	13012de5-eb96-40b7-86c3-124d24fcfb40	POST	/notes	http://localhost:3000
20230728	20:49:26	5ad172dd-7dc9-4aa7-891d-7e1cd52475ce	OPTIONS	/auth/logout	http://localhost:3000
20230728	20:49:26	3ce67c8b-30d0-43f3-92fc-62887f95d966	POST	/auth/logout	http://localhost:3000
20230728	20:51:41	d4bc5605-f6a1-4f86-a0c6-7f629fc9ce8c	POST	/users	undefined
20230728	20:51:50	392ffc30-6c4e-485c-b5ec-13169ed81900	OPTIONS	/auth	http://localhost:3000
20230728	20:51:50	1f7b2132-3edb-4767-ba4e-0bda327713d0	POST	/auth	http://localhost:3000
20230728	20:52:03	16cf6bab-59e7-4428-9839-dbd404c88625	OPTIONS	/auth	http://localhost:3000
20230728	20:52:03	ee515013-e454-4dec-8998-5d23311d3857	POST	/auth	http://localhost:3000
20230728	20:52:12	38245e66-a3f3-4fd3-bb64-82355e8a4e58	OPTIONS	/auth	http://localhost:3000
20230728	20:52:12	aa84a893-485e-4eca-ad54-9e628ac9a45d	POST	/auth	http://localhost:3000
20230728	20:53:17	092b05e8-c413-43d4-b508-8676c1e2c425	OPTIONS	/auth	http://localhost:3000
20230728	20:53:17	cf8df7df-cc27-43cf-9ff7-784c8b9b47f4	POST	/auth	http://localhost:3000
20230728	20:53:18	28bf894f-4fbe-419f-90f6-0d8d25e2535b	OPTIONS	/notes	http://localhost:3000
20230728	20:53:18	c59949bf-7d2a-4e8e-b9c8-335ee4035972	OPTIONS	/users	http://localhost:3000
20230728	20:53:18	7462423d-35bf-4dd1-ac75-e78893e5b957	GET	/notes	http://localhost:3000
20230728	20:53:18	c9dfb28e-938d-4abb-a4b3-f0b65ee2f911	GET	/users	http://localhost:3000
20230728	20:53:20	26fd34e4-c9dd-40b3-a2a9-b5b302888922	OPTIONS	/auth/logout	http://localhost:3000
20230728	20:53:20	384772b2-8778-4236-9f25-31b816e27a99	POST	/auth/logout	http://localhost:3000
20230728	20:53:30	6dad3947-88d3-46fb-8e0c-fd835db7e0bb	OPTIONS	/auth	http://localhost:3000
20230728	20:53:30	c22e1922-24bf-44d9-9582-4b030db5bafd	POST	/auth	http://localhost:3000
20230728	20:54:13	9c6893bf-705b-4e07-aae5-1ca6ebadd4ff	POST	/users	undefined
20230728	20:54:23	2f41439d-1900-4953-a72d-2ab54a3f16ea	POST	/users	undefined
20230728	20:54:32	41fba979-ee0f-40d6-bdd9-84b95c274656	POST	/users	undefined
20230728	20:54:43	28ccf170-98e0-44c1-9445-6ce34b94f5dc	OPTIONS	/auth	http://localhost:3000
20230728	20:54:43	16a3b06e-c9d7-4c59-82ca-9be1972e616d	POST	/auth	http://localhost:3000
20230728	20:54:56	dd324e92-a8dc-4af2-9d00-02cfbd7ad70b	POST	/users	undefined
20230728	20:55:04	94fe5748-6919-444a-9bd5-8add6197bbb5	POST	/users	undefined
20230728	20:55:11	7b390292-72a8-4123-9944-d144638a6e9e	OPTIONS	/auth	http://localhost:3000
20230728	20:55:11	e49c23c1-65c8-4524-be60-783df236617e	POST	/auth	http://localhost:3000
20230728	20:55:11	c41b74e0-ffe5-48f1-8cbb-1c33e20cc05d	OPTIONS	/notes	http://localhost:3000
20230728	20:55:11	28a343f6-f444-491e-8c4b-e3afcbcf651b	OPTIONS	/users	http://localhost:3000
20230728	20:55:11	7bec42d8-3db1-49e1-ae85-eb37d02a76c6	GET	/notes	http://localhost:3000
20230728	20:55:11	94a92c90-860d-4411-b87e-73ee2417862f	GET	/users	http://localhost:3000
20230728	21:01:28	79378c88-26a4-4cf3-a83b-2a6dfb79d2f5	POST	/users	undefined
20230728	21:01:34	38dd8600-4369-463e-b388-58337eb058e7	OPTIONS	/auth/logout	http://localhost:3000
20230728	21:01:34	2517e477-23eb-4835-a104-3e881daa9368	POST	/auth/logout	http://localhost:3000
20230728	21:01:40	bc81a195-9981-496a-ac5e-2890932ba49c	OPTIONS	/auth	http://localhost:3000
20230728	21:01:40	830c0b20-683f-4156-aa1e-3cfafc356de6	POST	/auth	http://localhost:3000
20230728	21:01:40	36c6e13e-6aea-45f9-becb-2d4aeb0c1070	OPTIONS	/notes	http://localhost:3000
20230728	21:01:40	caa7c62c-1d0e-49d7-9559-c28c321cacfd	OPTIONS	/users	http://localhost:3000
20230728	21:01:41	42adc59a-a27d-4a87-8e2b-f690f0d19a80	GET	/notes	http://localhost:3000
20230728	21:01:41	d2d05012-2eb7-4dc9-b0e0-44d1beacf607	GET	/users	http://localhost:3000
20230728	21:07:29	38304907-b730-419a-87ee-987a85ad7c45	POST	/users	undefined
20230728	21:09:42	42501628-0f29-4586-a3c3-c1519454ad25	POST	/users	undefined
20230728	21:10:35	786d2bb3-edf0-4a1e-83ed-c3c48c840da1	POST	/users	undefined
20230728	21:12:36	9f916e53-608b-4bbb-8cd1-3fb722db0f45	POST	/users	undefined
20230728	21:12:56	12ff1875-4bde-4f4e-9b43-be620522d544	POST	/users	undefined
20230728	21:13:09	41dc35f8-9d18-48c1-a483-59b3f35ed5c0	POST	/users	undefined
20230728	21:13:18	0923d0fe-d442-4339-a855-c60e6d7a22f9	POST	/users	undefined
20230728	21:13:22	2f608141-30c2-499b-b237-58fbc69e12ab	POST	/users	undefined
20230728	21:13:30	7e460514-5923-42d0-b42a-b38bb5db3dce	POST	/users	undefined
20230728	21:13:40	39facc29-e839-4f5f-9393-15b482113bb3	POST	/users	undefined
20230728	21:13:58	36371f86-c335-432b-b8a5-b43ae937fa06	POST	/users	undefined
20230728	21:14:21	be5b862c-02f0-419e-b41f-b93dc2a952dd	POST	/users	undefined
20230728	21:15:32	b8be0977-bfe3-4f95-aedf-0ff75e644001	POST	/users	undefined
20230728	21:15:37	5ab50707-f2ce-47ee-bbac-e3e0a6f6b1c4	POST	/users	undefined
20230728	21:15:52	7c7d9b1d-12ed-4f39-91b3-3670ded6048f	OPTIONS	/auth/logout	http://localhost:3000
20230728	21:15:52	69e82bcb-1adc-4617-b34c-bb16ad07abb3	POST	/auth/logout	http://localhost:3000
20230728	21:16:03	8ccd97e8-e599-4b43-a024-7767cd343101	OPTIONS	/auth	http://localhost:3000
20230728	21:16:03	42372385-d29a-4ab5-ac51-596e409670c9	POST	/auth	http://localhost:3000
20230728	21:16:05	b522d828-b0f5-4d4c-b4c0-fbaa4f8b9f57	POST	/auth	http://localhost:3000
20230728	21:16:09	66abfecb-e49b-4afc-9106-ae5c34905842	OPTIONS	/auth	http://localhost:3000
20230728	21:16:09	14d01ce7-e495-43ed-a02d-07a11d06a6a3	POST	/auth	http://localhost:3000
20230728	21:16:09	61d28b40-37eb-400a-9a66-a6d150ab61ed	OPTIONS	/notes	http://localhost:3000
20230728	21:16:09	fd58e41e-11f1-4dfc-a241-19a1cdc2860e	OPTIONS	/users	http://localhost:3000
20230728	21:16:09	d59d1c5b-1bf2-4b97-9848-6eb6a3633310	GET	/notes	http://localhost:3000
20230728	21:16:09	6b6a60bf-b998-4d78-9038-3cfd5d445f46	GET	/users	http://localhost:3000
20230728	21:16:12	88315375-cbf5-440d-aa66-0fddfbc67cd1	OPTIONS	/auth/logout	http://localhost:3000
20230728	21:16:12	8a35faac-8596-4cc2-8f99-46456d9d2bf8	POST	/auth/logout	http://localhost:3000
20230728	21:16:25	13c95e26-07f4-423f-b32b-15d45e68ada4	POST	/users	undefined
20230728	21:17:13	2860db11-96e4-4029-8552-3d20c5849b9f	POST	/users	undefined
20230728	21:18:21	6ec2fd8a-a3eb-4216-89e6-03b69befbe70	POST	/users	undefined
20230728	21:18:31	ae2b23a5-c19c-45b9-9498-37de32a3af4f	OPTIONS	/auth	http://localhost:3000
20230728	21:18:31	227f6647-9030-4fff-87f6-caf0c87197c5	POST	/auth	http://localhost:3000
20230728	21:18:31	7d9467b0-0864-4c15-bb5c-7c385756a42c	OPTIONS	/notes	http://localhost:3000
20230728	21:18:31	e6fbcc89-5b7c-4a5e-8946-710e93f4d982	OPTIONS	/users	http://localhost:3000
20230728	21:18:31	334c7d52-e0f5-4a86-b54a-faeaf33eaeda	GET	/notes	http://localhost:3000
20230728	21:18:31	3dd79402-de1d-4e4c-8c1c-9949e6340f33	GET	/users	http://localhost:3000
20230728	21:19:15	db0031ab-e618-4f9a-a1ed-758c4239fd90	POST	/users	undefined
20230728	21:19:21	7e03dcfb-7560-45bd-b399-5f4b76838168	POST	/users	undefined
20230728	21:19:26	a22d8ec9-0d1a-43da-a1ed-9dd4ef602761	OPTIONS	/auth/logout	http://localhost:3000
20230728	21:19:26	0810462e-c7f7-4732-ab5c-52731f5d6ad2	POST	/auth/logout	http://localhost:3000
20230728	21:19:31	5699a81c-c26d-4452-909f-3198048fdd9a	OPTIONS	/auth	http://localhost:3000
20230728	21:19:31	19a1bfe2-98bd-4178-8fc5-c20bcab5b30c	POST	/auth	http://localhost:3000
20230728	21:19:34	ac9fe519-c172-49e6-bc1c-3d39b0d8f777	POST	/auth	http://localhost:3000
20230728	21:19:37	fa5251bc-373f-4dfd-887e-e795dc5fce49	OPTIONS	/auth	http://localhost:3000
20230728	21:19:37	dff798c5-d700-49a2-ad56-bc8927f0870a	POST	/auth	http://localhost:3000
20230728	21:19:44	c734566d-a0eb-46b5-99f9-367f1c08e724	OPTIONS	/auth	http://localhost:3000
20230728	21:19:44	79ef09d0-ce44-4505-837b-3fa7736b54ae	POST	/auth	http://localhost:3000
20230728	21:19:44	e844ccac-2246-4ac9-8903-c5abe36f607c	OPTIONS	/notes	http://localhost:3000
20230728	21:19:44	c0cb93e0-df51-4ad3-a12b-a0015e812421	OPTIONS	/users	http://localhost:3000
20230728	21:19:44	49ee64d8-b019-4f6c-8c11-4578be96726f	GET	/users	http://localhost:3000
20230728	21:19:44	a464fe8a-332b-4420-9e2e-01700035ce98	GET	/notes	http://localhost:3000
20230728	21:19:50	e75018b9-916e-4f80-93ab-000eaa5e4594	OPTIONS	/users	http://localhost:3000
20230728	21:19:50	363d930f-7e87-4c60-a91f-fcc1bf59d491	GET	/users	http://localhost:3000
20230728	21:20:17	4b4e34e4-cf2d-42f6-a9fb-dd256fb1c13c	OPTIONS	/users	http://localhost:3000
20230728	21:20:17	dc29979b-b833-4cc2-ab69-764cf1c37036	DELETE	/users	http://localhost:3000
20230728	21:20:17	1e3fdc3f-1799-46b1-bd7a-55534c38a7fd	GET	/users	http://localhost:3000
20230728	21:20:17	c6aa901b-d85a-4592-8ef4-2d2a628d8ca9	GET	/users	http://localhost:3000
20230728	21:20:46	2b4ca44a-7bec-45a4-afa9-334bfffb7aa3	OPTIONS	/users	http://localhost:3000
20230728	21:20:46	574cdb92-8b6c-41ab-8a16-6fd62e9bfdac	PATCH	/users	http://localhost:3000
20230728	21:20:46	929e9192-9a9a-4f14-93ea-8ee4e90d0b48	GET	/users	http://localhost:3000
20230728	21:20:46	0fa5c15f-7849-4c33-a98b-fbfc0686c0c7	GET	/users	http://localhost:3000
20230728	21:21:02	68afa7fb-f4de-406f-a8bc-96775ac5e362	OPTIONS	/users	http://localhost:3000
20230728	21:21:02	39f808e9-65ab-4867-9914-4abbc3ac9e95	DELETE	/users	http://localhost:3000
20230728	21:21:02	a0f67520-57d6-44f7-b162-7db25336e219	GET	/users	http://localhost:3000
20230728	21:21:02	a5a58464-4250-4183-922b-78f9491c066f	GET	/users	http://localhost:3000
20230728	21:21:11	00f63d50-1d8a-4b46-a37a-9ca3f8d2998b	OPTIONS	/users	http://localhost:3000
20230728	21:21:11	fa945f96-bacf-4d1b-a382-60a6d6cd75f9	DELETE	/users	http://localhost:3000
20230728	21:21:11	03c05411-4b2d-4aec-ac97-6b0fbb2153bb	GET	/users	http://localhost:3000
20230728	21:21:11	69cd92ec-0dd5-4f82-945e-ada6e5b8b3ee	GET	/users	http://localhost:3000
20230728	21:21:16	d9cd85b1-b60f-4fb8-86e2-a4ef0dea2845	DELETE	/users	http://localhost:3000
20230728	21:21:16	82d0a3cc-5b84-499f-a9c5-c8bd626f3469	GET	/users	http://localhost:3000
20230728	21:21:16	d15d4f5b-51ad-47d0-8110-a969c22f9a53	OPTIONS	/users	http://localhost:3000
20230728	21:21:16	4a6cbfc2-bc59-4f29-89dc-729b76dd0205	GET	/users	http://localhost:3000
20230728	21:21:30	b2156f9a-a053-4580-8c87-6c6994bf9f24	OPTIONS	/users	http://localhost:3000
20230728	21:21:31	01ebba11-11d8-4971-8617-bb54fc26f3a4	PATCH	/users	http://localhost:3000
20230728	21:21:31	f2110eac-ae1a-4bdf-9c5a-ee055a97911a	GET	/users	http://localhost:3000
20230728	21:21:31	feb261ea-5a41-402c-8e43-63f052fd61d1	GET	/users	http://localhost:3000
20230728	21:22:06	208f78df-eefc-46e0-943f-c9b0fa81f1bd	OPTIONS	/auth/logout	http://localhost:3000
20230728	21:22:06	801f07cb-99a5-4794-a692-6143f5fb7460	POST	/auth/logout	http://localhost:3000
20230728	21:22:15	d7a191ae-7820-4f4c-9626-f4908f97b534	OPTIONS	/auth	http://localhost:3000
20230728	21:22:15	18ad7386-6a56-4539-9cc4-1d8419ef9393	POST	/auth	http://localhost:3000
20230728	21:22:19	b5cd0225-0a6e-4096-9bfb-183161c3334b	POST	/auth	http://localhost:3000
20230728	21:22:27	6b4cfa5a-67de-461e-bb49-cc04ed0da247	OPTIONS	/auth	http://localhost:3000
20230728	21:22:27	d8fdeda0-ccc3-4041-ac06-01ffc62a4178	POST	/auth	http://localhost:3000
20230728	21:22:27	0cb5d3cf-2a5a-40e1-b40c-dbb750d4914a	OPTIONS	/notes	http://localhost:3000
20230728	21:22:27	b31e750c-692f-4c9e-b7dc-42b9140a7b85	OPTIONS	/users	http://localhost:3000
20230728	21:22:28	07bcb844-5245-4178-86a8-8acd371c1ed6	GET	/notes	http://localhost:3000
20230728	21:22:28	9da059f5-71f3-4b06-85c2-06bfc5cce16b	GET	/users	http://localhost:3000
20230728	21:22:35	be21d46e-a46c-4a87-aa85-6154fc37d0c7	OPTIONS	/notes	http://localhost:3000
20230728	21:22:35	8ce5e271-c80a-4945-b389-e38d54b0cb3f	GET	/notes	http://localhost:3000
20230728	21:22:55	ec3f4b82-9970-4067-80b8-cc05d6551759	OPTIONS	/notes	http://localhost:3000
20230728	21:22:55	e2ba4873-b46c-4880-84aa-eb4518e04eee	POST	/notes	http://localhost:3000
20230728	21:22:59	1e115d77-8991-411a-9f53-21c330362103	GET	/notes	http://localhost:3000
20230728	21:23:16	15a2e96d-c4ff-4c38-aaa3-5163a87c52a3	OPTIONS	/notes	http://localhost:3000
20230728	21:23:16	dbb1e484-80c9-4d1b-b5d7-219bde422e5b	POST	/notes	http://localhost:3000
20230728	21:23:25	cf701952-79a8-4b39-9391-022f2efdc23e	OPTIONS	/users	http://localhost:3000
20230728	21:23:25	21f37fcd-d651-4caf-8b15-819a193b88f9	GET	/users	http://localhost:3000
20230728	21:24:09	10ff5cdc-cdb5-4bb5-a210-a86210657c6a	OPTIONS	/auth/logout	http://localhost:3000
20230728	21:24:09	a7805661-9d6a-48bc-b3ff-c5a3e37191cd	POST	/auth/logout	http://localhost:3000
20230728	21:24:18	1468bc4c-06a9-4ac6-89a4-f3055b478cef	OPTIONS	/auth	http://localhost:3000
20230728	21:24:18	be7555db-d0f8-4182-958e-a8f3fb292ed1	POST	/auth	http://localhost:3000
20230728	21:24:23	12c9d8c0-8d6a-4b48-8139-d3719a3a8206	OPTIONS	/auth	http://localhost:3000
20230728	21:24:23	f0d8214e-8c7e-4f60-8647-32ed55259622	POST	/auth	http://localhost:3000
20230728	21:24:24	df716b9a-be20-4f48-9f73-a0b5fa465206	OPTIONS	/notes	http://localhost:3000
20230728	21:24:24	c6aae5cb-0192-445c-a731-471e4566143f	OPTIONS	/users	http://localhost:3000
20230728	21:24:24	53ce7345-bba2-432a-9ac1-2f4c71bcab3c	GET	/notes	http://localhost:3000
20230728	21:24:24	32152b30-38d2-4bd4-8366-f9ea5ed07bfc	GET	/users	http://localhost:3000
20230728	21:25:07	8b4bcde0-8e05-428a-a324-57b1b471b37e	OPTIONS	/users	http://localhost:3000
20230728	21:25:07	28fa5dbf-7c9c-4cd6-a911-fce240968d24	POST	/users	http://localhost:3000
20230728	21:25:08	27ecaf67-34bb-4cf9-b4ab-7662f7a797a5	GET	/users	http://localhost:3000
20230728	21:25:08	5ce4f6c0-151e-4801-ba2d-c52af7c8a6e6	GET	/users	http://localhost:3000
20230728	21:25:10	a11a0ba9-40cf-4018-8f50-ee4373cfefb4	GET	/users	http://localhost:3000
20230728	21:25:17	d70f310a-d429-4885-b135-3edc6a6e8614	OPTIONS	/auth/logout	http://localhost:3000
20230728	21:25:17	dbaaf7d9-52cc-4fa1-a2d2-b73d6d22e65e	POST	/auth/logout	http://localhost:3000
20230728	21:25:31	04a8d7d2-5407-4e3b-a3fe-bc11a122558f	OPTIONS	/auth	http://localhost:3000
20230728	21:25:31	134602db-bf08-4a32-9f06-71cccf2dee12	POST	/auth	http://localhost:3000
20230728	21:25:31	4c5f39e8-e3cf-46b7-a5b6-46eba8277247	OPTIONS	/notes	http://localhost:3000
20230728	21:25:31	faafd47c-d177-4894-942d-433b9e6cc4d2	OPTIONS	/users	http://localhost:3000
20230728	21:25:31	2bb5f053-8e59-417e-9eff-3225b2f0adb5	GET	/users	http://localhost:3000
20230728	21:25:31	ebafed75-64ac-4dcd-ab5d-c2723c5dadbc	GET	/notes	http://localhost:3000
20230728	21:25:51	1eb8f3d5-bef6-4c8c-a151-d062c80a5dd9	OPTIONS	/notes	http://localhost:3000
20230728	21:25:51	d4a60d65-76f7-4d75-a9b0-fd80bf7b3c27	GET	/notes	http://localhost:3000
20230728	21:26:01	d13676ea-be4b-423b-8b80-7cb3dc8f807f	OPTIONS	/users	http://localhost:3000
20230728	21:26:01	f76f5ed0-e9b0-40a3-8310-6cde9604723e	GET	/users	http://localhost:3000
20230728	21:26:08	7a5d2838-b81a-470e-9422-59b7bb70177f	OPTIONS	/auth/logout	http://localhost:3000
20230728	21:26:08	43c9e1a9-e257-4ee2-9f15-dbc910bf4ffb	POST	/auth/logout	http://localhost:3000
